<?xml version="1.0" encoding="UTF-8"?>
<!-- Generated by org.testng.reporters.JUnitReportReporter -->
<testsuite hostname="DESKTOP-IINMBJ2" failures="0" tests="1" name="test.LoginTest" time="0.700" errors="0" timestamp="2022-12-31T19:28:53 IST" skipped="0">
  <testcase classname="test.LoginTest" name="login" time="0.700"/>
  <system-out/>
</testsuite> <!-- test.LoginTest -->
