<?xml version="1.0" encoding="UTF-8"?>
<!-- Generated by org.testng.reporters.JUnitReportReporter -->
<testsuite hostname="DESKTOP-IINMBJ2" failures="0" tests="1" name="tests.LoginTest" time="7.482" errors="0" timestamp="2023-01-01T16:08:52 IST" skipped="0">
  <testcase classname="tests.LoginTest" name="login" time="7.482"/>
  <system-out/>
</testsuite> <!-- tests.LoginTest -->
